\BOOKMARK [1][-]{section.1}{Contexte}{}% 1
\BOOKMARK [2][-]{subsection.1.1}{Enjeux de la surveillance satellite}{section.1}% 2
\BOOKMARK [2][-]{subsection.1.2}{Imagerie satellite multispectrale}{section.1}% 3
\BOOKMARK [2][-]{subsection.1.3}{Classification et Machine Learning}{section.1}% 4
\BOOKMARK [2][-]{subsection.1.4}{Motivation du projet et cahier des charges}{section.1}% 5
\BOOKMARK [1][-]{section.2}{Etat de l'Art}{}% 6
\BOOKMARK [2][-]{subsection.2.1}{Travaux scientifiques}{section.2}% 7
\BOOKMARK [2][-]{subsection.2.2}{Les logiciels de classification}{section.2}% 8
\BOOKMARK [1][-]{section.3}{M\351thode et organisation}{}% 9
\BOOKMARK [2][-]{subsection.3.1}{Processus}{section.3}% 10
\BOOKMARK [3][-]{subsubsection.3.1.1}{SNAP}{subsection.3.1}% 11
\BOOKMARK [3][-]{subsubsection.3.1.2}{QGIS}{subsection.3.1}% 12
\BOOKMARK [3][-]{subsubsection.3.1.3}{Script Python}{subsection.3.1}% 13
\BOOKMARK [3][-]{subsubsection.3.1.4}{Sk-learn, dlib et PRT}{subsection.3.1}% 14
\BOOKMARK [2][-]{subsection.3.2}{Organisation du projet}{section.3}% 15
\BOOKMARK [3][-]{subsubsection.3.2.1}{R\351partition du travail}{subsection.3.2}% 16
\BOOKMARK [3][-]{subsubsection.3.2.2}{Mise en commun du travail}{subsection.3.2}% 17
\BOOKMARK [3][-]{subsubsection.3.2.3}{Rencontres avec le tuteur}{subsection.3.2}% 18
\BOOKMARK [1][-]{section.4}{R\351sultats}{}% 19
\BOOKMARK [2][-]{subsection.4.1}{Les classifications lin\351aires}{section.4}% 20
\BOOKMARK [2][-]{subsection.4.2}{Les classifications non-lin\351aires}{section.4}% 21
\BOOKMARK [2][-]{subsection.4.3}{Conclusion}{section.4}% 22
\BOOKMARK [2][-]{subsection.4.4}{Limites et am\351liorations}{section.4}% 23
