This is pdfTeX, Version 3.1415926-2.5-1.40.14 (TeX Live 2013/Debian) (format=pdflatex 2014.9.8)  6 JAN 2016 20:31
entering extended mode
 restricted \write18 enabled.
 %&-line parsing enabled.
**EtatDeLart.tex
(./EtatDeLart.tex
LaTeX2e <2011/06/27>
Babel <3.9h> and hyphenation patterns for 4 languages loaded.
(/usr/share/texlive/texmf-dist/tex/latex/base/article.cls
Document Class: article 2007/10/19 v1.4h Standard LaTeX document class
(/usr/share/texlive/texmf-dist/tex/latex/base/size10.clo
File: size10.clo 2007/10/19 v1.4h Standard LaTeX file (size option)
)
\c@part=\count79
\c@section=\count80
\c@subsection=\count81
\c@subsubsection=\count82
\c@paragraph=\count83
\c@subparagraph=\count84
\c@figure=\count85
\c@table=\count86
\abovecaptionskip=\skip41
\belowcaptionskip=\skip42
\bibindent=\dimen102
)
(/usr/share/texlive/texmf-dist/tex/latex/base/inputenc.sty
Package: inputenc 2008/03/30 v1.1d Input encoding file
\inpenc@prehook=\toks14
\inpenc@posthook=\toks15

(/usr/share/texlive/texmf-dist/tex/latex/ucs/utf8x.def
File: utf8x.def 2004/10/17 UCS: Input encoding UTF-8
))
(/usr/share/texlive/texmf-dist/tex/latex/ucs/ucs.sty
Package: ucs 2013/05/11 v2.2 UCS: Unicode input support

(/usr/share/texlive/texmf-dist/tex/latex/ucs/data/uni-global.def
File: uni-global.def 2013/05/13 UCS: Unicode global data
)
\uc@secondtry=\count87
\uc@combtoks=\toks16
\uc@combtoksb=\toks17
\uc@temptokena=\toks18
)
(/usr/share/texlive/texmf-dist/tex/latex/url/url.sty
\Urlmuskip=\muskip10
Package: url 2013/09/16  ver 3.4  Verb mode for urls, etc.
)
(/usr/share/texlive/texmf-dist/tex/latex/graphics/graphicx.sty
Package: graphicx 1999/02/16 v1.0f Enhanced LaTeX Graphics (DPC,SPQR)

(/usr/share/texlive/texmf-dist/tex/latex/graphics/keyval.sty
Package: keyval 1999/03/16 v1.13 key=value parser (DPC)
\KV@toks@=\toks19
)
(/usr/share/texlive/texmf-dist/tex/latex/graphics/graphics.sty
Package: graphics 2009/02/05 v1.0o Standard LaTeX Graphics (DPC,SPQR)

(/usr/share/texlive/texmf-dist/tex/latex/graphics/trig.sty
Package: trig 1999/03/16 v1.09 sin cos tan (DPC)
)
(/usr/share/texlive/texmf-dist/tex/latex/latexconfig/graphics.cfg
File: graphics.cfg 2010/04/23 v1.9 graphics configuration of TeX Live
)
Package graphics Info: Driver file: pdftex.def on input line 91.

(/usr/share/texlive/texmf-dist/tex/latex/pdftex-def/pdftex.def
File: pdftex.def 2011/05/27 v0.06d Graphics/color for pdfTeX

(/usr/share/texlive/texmf-dist/tex/generic/oberdiek/infwarerr.sty
Package: infwarerr 2010/04/08 v1.3 Providing info/warning/error messages (HO)
)
(/usr/share/texlive/texmf-dist/tex/generic/oberdiek/ltxcmds.sty
Package: ltxcmds 2011/11/09 v1.22 LaTeX kernel commands for general use (HO)
)
\Gread@gobject=\count88
))
\Gin@req@height=\dimen103
\Gin@req@width=\dimen104
)
(/usr/share/texlive/texmf-dist/tex/latex/tools/array.sty
Package: array 2008/09/09 v2.4c Tabular extension package (FMi)
\col@sep=\dimen105
\extrarowheight=\dimen106
\NC@list=\toks20
\extratabsurround=\skip43
\backup@length=\skip44
) (./EtatDeLart.aux)
\openout1 = `EtatDeLart.aux'.

LaTeX Font Info:    Checking defaults for OML/cmm/m/it on input line 11.
LaTeX Font Info:    ... okay on input line 11.
LaTeX Font Info:    Checking defaults for T1/cmr/m/n on input line 11.
LaTeX Font Info:    ... okay on input line 11.
LaTeX Font Info:    Checking defaults for OT1/cmr/m/n on input line 11.
LaTeX Font Info:    ... okay on input line 11.
LaTeX Font Info:    Checking defaults for OMS/cmsy/m/n on input line 11.
LaTeX Font Info:    ... okay on input line 11.
LaTeX Font Info:    Checking defaults for OMX/cmex/m/n on input line 11.
LaTeX Font Info:    ... okay on input line 11.
LaTeX Font Info:    Checking defaults for U/cmr/m/n on input line 11.
LaTeX Font Info:    ... okay on input line 11.

(/usr/share/texlive/texmf-dist/tex/latex/ucs/ucsencs.def
File: ucsencs.def 2011/01/21 Fixes to fontencodings LGR, T3
)
(/usr/share/texlive/texmf-dist/tex/context/base/supp-pdf.mkii
[Loading MPS to PDF converter (version 2006.09.02).]
\scratchcounter=\count89
\scratchdimen=\dimen107
\scratchbox=\box26
\nofMPsegments=\count90
\nofMParguments=\count91
\everyMPshowfont=\toks21
\MPscratchCnt=\count92
\MPscratchDim=\dimen108
\MPnumerator=\count93
\makeMPintoPDFobject=\count94
\everyMPtoPDFconversion=\toks22
) (/usr/share/texlive/texmf-dist/tex/generic/oberdiek/pdftexcmds.sty
Package: pdftexcmds 2011/11/29 v0.20 Utility functions of pdfTeX for LuaTeX (HO
)

(/usr/share/texlive/texmf-dist/tex/generic/oberdiek/ifluatex.sty
Package: ifluatex 2010/03/01 v1.3 Provides the ifluatex switch (HO)
Package ifluatex Info: LuaTeX not detected.
)
(/usr/share/texlive/texmf-dist/tex/generic/oberdiek/ifpdf.sty
Package: ifpdf 2011/01/30 v2.3 Provides the ifpdf switch (HO)
Package ifpdf Info: pdfTeX in PDF mode is detected.
)
Package pdftexcmds Info: LuaTeX not detected.
Package pdftexcmds Info: \pdf@primitive is available.
Package pdftexcmds Info: \pdf@ifprimitive is available.
Package pdftexcmds Info: \pdfdraftmode found.
)
(/usr/share/texlive/texmf-dist/tex/latex/oberdiek/epstopdf-base.sty
Package: epstopdf-base 2010/02/09 v2.5 Base part for package epstopdf

(/usr/share/texlive/texmf-dist/tex/latex/oberdiek/grfext.sty
Package: grfext 2010/08/19 v1.1 Manage graphics extensions (HO)

(/usr/share/texlive/texmf-dist/tex/generic/oberdiek/kvdefinekeys.sty
Package: kvdefinekeys 2011/04/07 v1.3 Define keys (HO)
))
(/usr/share/texlive/texmf-dist/tex/latex/oberdiek/kvoptions.sty
Package: kvoptions 2011/06/30 v3.11 Key value format for package options (HO)

(/usr/share/texlive/texmf-dist/tex/generic/oberdiek/kvsetkeys.sty
Package: kvsetkeys 2012/04/25 v1.16 Key value parser (HO)

(/usr/share/texlive/texmf-dist/tex/generic/oberdiek/etexcmds.sty
Package: etexcmds 2011/02/16 v1.5 Avoid name clashes with e-TeX commands (HO)
Package etexcmds Info: Could not find \expanded.
(etexcmds)             That can mean that you are not using pdfTeX 1.50 or
(etexcmds)             that some package has redefined \expanded.
(etexcmds)             In the latter case, load this package earlier.
)))
Package grfext Info: Graphics extension search list:
(grfext)             [.png,.pdf,.jpg,.mps,.jpeg,.jbig2,.jb2,.PNG,.PDF,.JPG,.JPE
G,.JBIG2,.JB2,.eps]
(grfext)             \AppendGraphicsExtensions on input line 452.

(/usr/share/texlive/texmf-dist/tex/latex/latexconfig/epstopdf-sys.cfg
File: epstopdf-sys.cfg 2010/07/13 v1.3 Configuration of (r)epstopdf for TeX Liv
e
))
LaTeX Font Info:    External font `cmex10' loaded for size
(Font)              <12> on input line 13.
LaTeX Font Info:    External font `cmex10' loaded for size
(Font)              <8> on input line 13.
LaTeX Font Info:    External font `cmex10' loaded for size
(Font)              <6> on input line 13.

(/usr/share/texlive/texmf-dist/tex/latex/ucs/data/uni-0.def
File: uni-0.def 2013/05/13 UCS: Unicode data U+0000..U+00FF
)
Overfull \hbox (21.42969pt too wide) in paragraph at lines 13--13
 [][] 
 []

[1

{/var/lib/texmf/fonts/map/pdftex/updmap/pdftex.map}]
<venise.png, id=11, 1664.2175pt x 1231.60126pt>
File: venise.png Graphic file (type png)
 <use venise.png>
Package pdftex.def Info: venise.png used on input line 32.
(pdftex.def)             Requested size: 172.5pt x 127.65878pt.
LaTeX Font Info:    External font `cmex10' loaded for size
(Font)              <7> on input line 39.
LaTeX Font Info:    External font `cmex10' loaded for size
(Font)              <5> on input line 39.

Overfull \hbox (7.26903pt too wide) in paragraph at lines 57--58
\OT1/cmr/m/n/10 clas-sifi-ca-teur lin^^Seaire. Les r^^Sesultats obtenus sont en
-cour-ageants, avec une premi^^Rere
 []

[2 <./venise.png (PNG copy)>]
<veniseLSE.png, id=15, 1664.2175pt x 1231.60126pt>
File: veniseLSE.png Graphic file (type png)
 <use veniseLSE.png>
Package pdftex.def Info: veniseLSE.png used on input line 61.
(pdftex.def)             Requested size: 172.5pt x 127.65878pt.

<venise+LDA.png, id=17, 1664.2175pt x 1231.60126pt>
File: venise+LDA.png Graphic file (type png)
 <use venise+LDA.png>
Package pdftex.def Info: venise+LDA.png used on input line 89.
(pdftex.def)             Requested size: 172.5pt x 127.65878pt.

[3 <./veniseLSE.png>] <resultat1NN.png, id=22, 1664.2175pt x 1231.60126pt>
File: resultat1NN.png Graphic file (type png)

<use resultat1NN.png>
Package pdftex.def Info: resultat1NN.png used on input line 135.
(pdftex.def)             Requested size: 172.5pt x 127.65878pt.
 <influencek.png, id=23, 948.54375pt x 677.53125pt>
File: influencek.png Graphic file (type png)

<use influencek.png>
Package pdftex.def Info: influencek.png used on input line 144.
(pdftex.def)             Requested size: 172.5pt x 123.21162pt.

Overfull \hbox (20.19533pt too wide) in paragraph at lines 151--152
\OT1/cmr/m/n/10 Cette m^^Sethode utilise deux m^^Setaparam^^Retres : C et $\OML
/cmm/m/it/10 ^^M$\OT1/cmr/m/n/10 . Afin d'optimiser l'apprentissage
 []

[4 <./venise+LDA.png (PNG copy)>] [5 <./resultat1NN.png (PNG copy)> <./influenc
ek.png (PNG copy)>] <crossValLog.png, id=30, 578.16pt x 433.62pt>
File: crossValLog.png Graphic file (type png)

<use crossValLog.png>
Package pdftex.def Info: crossValLog.png used on input line 155.
(pdftex.def)             Requested size: 172.5pt x 129.37242pt.
 <veniseSVM.png, id=31, 614.295pt x 453.19313pt>
File: veniseSVM.png Graphic file (type png)

<use veniseSVM.png>
Package pdftex.def Info: veniseSVM.png used on input line 181.
(pdftex.def)             Requested size: 172.5pt x 127.2597pt.
 [6 <./crossValLog.png>]

LaTeX Warning: Reference `comparaison' on page 7 undefined on input line 193.

<comparaison.png, id=39, 993.7125pt x 616.3025pt>
File: comparaison.png Graphic file (type png)
 <use comparaison.png>
Package pdftex.def Info: comparaison.png used on input line 197.
(pdftex.def)             Requested size: 172.5pt x 106.97998pt.

Overfull \hbox (3.3246pt too wide) in paragraph at lines 201--202
\OT1/cmr/m/n/10 ment un crit^^Rere meilleur que l'autre. Nous avons donc utilis
^^Se un crit^^Rere num^^Serique
 []

[7 <./veniseSVM.png> <./comparaison.png (PNG copy)>]
<nBandes.png, id=47, 1098.1025pt x 538.01pt>
File: nBandes.png Graphic file (type png)
 <use nBandes.png>
Package pdftex.def Info: nBandes.png used on input line 221.
(pdftex.def)             Requested size: 172.5pt x 84.51537pt.

<SVM4Classes.png, id=48, 612.03656pt x 453.94594pt>
File: SVM4Classes.png Graphic file (type png)
 <use SVM4Classes.png>
Package pdftex.def Info: SVM4Classes.png used on input line 230.
(pdftex.def)             Requested size: 172.5pt x 127.94211pt.

[8 <./nBandes.png (PNG copy)> <./SVM4Classes.png>]
<zone2.png, id=53, 1132.23pt x 435.6275pt>
File: zone2.png Graphic file (type png)
 <use zone2.png>
Package pdftex.def Info: zone2.png used on input line 243.
(pdftex.def)             Requested size: 241.49895pt x 92.9136pt.
 (./EtatDeLart.bbl
Underfull \hbox (badness 6461) in paragraph at lines 4--8
[]\OT1/cmr/m/n/10 European Space Agency.  $\OT1/cmtt/m/n/10 http : / / www . es
a . int / Our \ _Activities /
 []


Underfull \hbox (badness 10000) in paragraph at lines 4--8
\OT1/cmtt/m/n/10 Observing \ _the \ _Earth / Copernicus / Sentinel-[]2 / Introd
ucing \
 []

LaTeX Font Info:    Try loading font information for OMS+cmr on input line 39.
(/usr/share/texlive/texmf-dist/tex/latex/base/omscmr.fd
File: omscmr.fd 1999/05/25 v2.5h Standard LaTeX font definitions
)
LaTeX Font Info:    Font shape `OMS/cmr/m/n' in size <10> not available
(Font)              Font shape `OMS/cmsy/m/n' tried instead on input line 39.
 [9 <./zone2.png (PNG copy)>]) [10] (./EtatDeLart.aux)

LaTeX Warning: There were undefined references.

 ) 
Here is how much of TeX's memory you used:
 2473 strings out of 494999
 34495 string characters out of 6180229
 95611 words of memory out of 5000000
 5656 multiletter control sequences out of 15000+600000
 8409 words of font info for 30 fonts, out of 8000000 for 9000
 14 hyphenation exceptions out of 8191
 37i,8n,23p,1087b,653s stack positions out of 5000i,500n,10000p,200000b,80000s
</usr/share/texlive/texmf-dist/fonts/type1/public/amsfonts/cm/cmbx10.pfb></us
r/share/texlive/texmf-dist/fonts/type1/public/amsfonts/cm/cmbx12.pfb></usr/shar
e/texlive/texmf-dist/fonts/type1/public/amsfonts/cm/cmmi10.pfb></usr/share/texl
ive/texmf-dist/fonts/type1/public/amsfonts/cm/cmr10.pfb></usr/share/texlive/tex
mf-dist/fonts/type1/public/amsfonts/cm/cmr12.pfb></usr/share/texlive/texmf-dist
/fonts/type1/public/amsfonts/cm/cmr17.pfb></usr/share/texlive/texmf-dist/fonts/
type1/public/amsfonts/cm/cmr7.pfb></usr/share/texlive/texmf-dist/fonts/type1/pu
blic/amsfonts/cm/cmsy10.pfb></usr/share/texlive/texmf-dist/fonts/type1/public/a
msfonts/cm/cmsy7.pfb></usr/share/texlive/texmf-dist/fonts/type1/public/amsfonts
/cm/cmti10.pfb></usr/share/texlive/texmf-dist/fonts/type1/public/amsfonts/cm/cm
tt10.pfb>
Output written on EtatDeLart.pdf (10 pages, 16863847 bytes).
PDF statistics:
 97 PDF objects out of 1000 (max. 8388607)
 58 compressed objects within 1 object stream
 0 named destinations out of 1000 (max. 500000)
 56 words of extra memory for PDF output out of 10000 (max. 10000000)

